<?xml version="1.0" encoding="UTF-8"?>
<!-- Generated by org.testng.reporters.JUnitReportReporter -->
<testsuite hostname="SarthakThinkpad" failures="0" tests="2" name="automation_extra_topics.Headless_Mode" time="15.467" errors="0" timestamp="2023-05-06T11:31:14 GMT-04:00" skipped="0">
  <testcase classname="automation_extra_topics.Headless_Mode" name="chromeBrowserHeadlessMode" time="7.380"/>
  <system-out/>
  <testcase classname="automation_extra_topics.Headless_Mode" name="firefoxBrowserHeadlessMode" time="8.087"/>
  <system-out/>
</testsuite> <!-- automation_extra_topics.Headless_Mode -->
