<?xml version="1.0" encoding="UTF-8"?>
<!-- Generated by org.testng.reporters.JUnitReportReporter -->
<testsuite hostname="SarthakThinkpad" failures="0" tests="1" name="automation_extra_topics.BraveBrowser" time="2.148" errors="0" timestamp="2023-05-06T10:31:23 GMT-04:00" skipped="0">
  <testcase classname="automation_extra_topics.BraveBrowser" name="codeInBraveBrowser" time="2.148"/>
  <system-out/>
</testsuite> <!-- automation_extra_topics.BraveBrowser -->
