<?xml version="1.0" encoding="UTF-8"?>
<!-- Generated by org.testng.reporters.JUnitReportReporter -->
<testsuite hostname="SarthakThinkpad" failures="0" tests="1" name="com.automationcode_15thApr_2023.TutorialsNinjaListenerRegisterTest" time="23.387" errors="0" timestamp="16 Apr 2023 14:26:34 GMT" skipped="0">
  <testcase classname="com.automationcode_15thApr_2023.TutorialsNinjaListenerRegisterTest" name="registerPage" time="23.387"/>
</testsuite> <!-- com.automationcode_15thApr_2023.TutorialsNinjaListenerRegisterTest -->
