<?xml version="1.0" encoding="UTF-8"?>
<!-- Generated by org.testng.reporters.JUnitReportReporter -->
<testsuite hostname="SarthakThinkpad" failures="0" tests="1" name="automation_extra_topics.ToolTip" time="4.767" errors="0" timestamp="2023-05-06T12:34:23 GMT-04:00" skipped="0">
  <testcase classname="automation_extra_topics.ToolTip" name="determineToolTip" time="4.767"/>
  <system-out/>
</testsuite> <!-- automation_extra_topics.ToolTip -->
