<?xml version="1.0" encoding="UTF-8"?>
<!-- Generated by org.testng.reporters.JUnitReportReporter -->
<testsuite hostname="SarthakThinkpad" failures="0" tests="1" name="automation_extra_topics.ResponseCode" time="7.081" errors="0" timestamp="2023-05-06T12:13:56 GMT-04:00" skipped="0">
  <testcase classname="automation_extra_topics.ResponseCode" name="determineResponseCode" time="7.081"/>
  <system-out/>
</testsuite> <!-- automation_extra_topics.ResponseCode -->
