<?xml version="1.0" encoding="UTF-8"?>
<!-- Generated by org.testng.reporters.JUnitReportReporter -->
<testsuite hostname="SarthakThinkpad" failures="0" tests="5" name="com.filehandling_Create_Validate_Excel_Sheet_Data.TestCases" time="1.481" errors="0" timestamp="09 Apr 2023 14:48:11 GMT" skipped="2">
  <testcase classname="com.filehandling_Create_Validate_Excel_Sheet_Data.TestCases" name="createNewExcelFile" time="0.988"/>
  <testcase classname="com.filehandling_Create_Validate_Excel_Sheet_Data.TestCases" name="createNewSheetAndPassInputData" time="0.406"/>
  <testcase classname="com.filehandling_Create_Validate_Excel_Sheet_Data.TestCases" name="tnRegister" time="0.000">
    <skipped/>
  </testcase> <!-- tnRegister -->
  <testcase classname="com.filehandling_Create_Validate_Excel_Sheet_Data.TestCases" name="createNewSheetToPassCreatedDataInPreviousTestCase" time="0.087"/>
  <testcase classname="com.filehandling_Create_Validate_Excel_Sheet_Data.TestCases" name="tnLogin" time="0.000">
    <skipped/>
  </testcase> <!-- tnLogin -->
</testsuite> <!-- com.filehandling_Create_Validate_Excel_Sheet_Data.TestCases -->
