<?xml version="1.0" encoding="UTF-8"?>
<!-- Generated by org.testng.reporters.JUnitReportReporter -->
<testsuite hostname="SarthakThinkpad" failures="0" tests="1" name="chromeoptions_firefoxoptions.Chrome" time="4.696" errors="0" timestamp="2023-05-06T14:59:20 GMT-04:00" skipped="0">
  <testcase classname="chromeoptions_firefoxoptions.Chrome" name="learnFirefoxOptions" time="4.696"/>
  <system-out/>
</testsuite> <!-- chromeoptions_firefoxoptions.Chrome -->
