<?xml version="1.0" encoding="UTF-8"?>
<!-- Generated by org.testng.reporters.JUnitReportReporter -->
<testsuite hostname="SarthakThinkpad" failures="0" tests="1" name="com.automationcode_WebTables_30th_Apr_2023.WebTables_Basics" time="9.687" errors="0" timestamp="2023-04-30T10:43:41 GMT-04:00" skipped="0">
  <testcase classname="com.automationcode_WebTables_30th_Apr_2023.WebTables_Basics" name="webTableLearing" time="9.687"/>
  <system-out/>
</testsuite> <!-- com.automationcode_WebTables_30th_Apr_2023.WebTables_Basics -->
