<?xml version="1.0" encoding="UTF-8"?>
<!-- Generated by org.testng.reporters.JUnitReportReporter -->
<testsuite hostname="SarthakThinkpad" failures="0" tests="1" name="automation_extra_topics.InfoBar_Disabling" time="6.725" errors="0" timestamp="2023-05-06T10:56:21 GMT-04:00" skipped="0">
  <testcase classname="automation_extra_topics.InfoBar_Disabling" name="disableInfoBarFirefox" time="6.725"/>
  <system-out/>
</testsuite> <!-- automation_extra_topics.InfoBar_Disabling -->
