<?xml version="1.0" encoding="UTF-8"?>
<!-- Generated by org.testng.reporters.JUnitReportReporter -->
<testsuite hostname="SarthakThinkpad" failures="0" tests="3" name="com.testngcode_9thApr_2003.TNLogin" time="25.918" errors="0" timestamp="09 Apr 2023 15:24:34 GMT" skipped="0">
  <testcase classname="com.testngcode_9thApr_2003.TNLogin" name="TNLoginEdgeTest" time="8.397"/>
  <testcase classname="com.testngcode_9thApr_2003.TNLogin" name="TNLoginChromeTest" time="8.416"/>
  <testcase classname="com.testngcode_9thApr_2003.TNLogin" name="TNLoginFirefoxTest" time="9.105"/>
</testsuite> <!-- com.testngcode_9thApr_2003.TNLogin -->
