<?xml version="1.0" encoding="UTF-8"?>
<!-- Generated by org.testng.reporters.JUnitReportReporter -->
<testsuite hostname="SarthakThinkpad" failures="0" tests="1" name="com.automationcode_15thApr_2023.ApplyingInterfaceLogic" time="7.978" errors="0" timestamp="15 Apr 2023 17:40:53 GMT" skipped="0">
  <testcase classname="com.automationcode_15thApr_2023.ApplyingInterfaceLogic" name="test" time="7.978"/>
</testsuite> <!-- com.automationcode_15thApr_2023.ApplyingInterfaceLogic -->
