<?xml version="1.0" encoding="UTF-8"?>
<!-- Generated by org.testng.reporters.JUnitReportReporter -->
<testsuite hostname="SarthakThinkpad" failures="0" tests="1" name="com.automationcode_ExtentReports_16thApr_2023.TNRegisterTest" time="17.887" errors="0" timestamp="16 Apr 2023 16:43:19 GMT" skipped="0">
  <testcase classname="com.automationcode_ExtentReports_16thApr_2023.TNRegisterTest" name="registerPage" time="17.887"/>
</testsuite> <!-- com.automationcode_ExtentReports_16thApr_2023.TNRegisterTest -->
