<?xml version="1.0" encoding="UTF-8"?>
<!-- Generated by org.testng.reporters.JUnitReportReporter -->
<testsuite hostname="SarthakThinkpad" failures="0" tests="2" name="com.filehandling_8thApr_2023.Rediff_and_TN_Login_ExcelSheet" time="0.000" errors="0" timestamp="2023-04-27T21:38:36 GMT-04:00" skipped="2">
  <testcase classname="com.filehandling_8thApr_2023.Rediff_and_TN_Login_ExcelSheet" name="tnLogin" time="0.000">
    <skipped/>
  </testcase> <!-- tnLogin -->
  <system-out/>
  <testcase classname="com.filehandling_8thApr_2023.Rediff_and_TN_Login_ExcelSheet" name="rediffLogin" time="0.000">
    <skipped/>
  </testcase> <!-- rediffLogin -->
  <system-out/>
</testsuite> <!-- com.filehandling_8thApr_2023.Rediff_and_TN_Login_ExcelSheet -->
