<?xml version="1.0" encoding="UTF-8"?>
<!-- Generated by org.testng.reporters.JUnitReportReporter -->
<testsuite hostname="SarthakThinkpad" failures="0" tests="1" name="automation_extra_topics.Autosuggestive_Dropdowns" time="3.599" errors="0" timestamp="2023-05-07T10:59:20 GMT-04:00" skipped="0">
  <testcase classname="automation_extra_topics.Autosuggestive_Dropdowns" name="skyScanner" time="3.599"/>
  <system-out/>
</testsuite> <!-- automation_extra_topics.Autosuggestive_Dropdowns -->
