<?xml version="1.0" encoding="UTF-8"?>
<!-- Generated by org.testng.reporters.JUnitReportReporter -->
<testsuite hostname="SarthakThinkpad" failures="0" tests="1" name="automationcode_13thMay_2023_CalendarsDatePicker.LearnVariousCalendars" time="10.176" errors="0" timestamp="2023-05-14T11:51:03 GMT-04:00" skipped="0">
  <testcase classname="automationcode_13thMay_2023_CalendarsDatePicker.LearnVariousCalendars" name="part2" time="10.176"/>
  <system-out/>
</testsuite> <!-- automationcode_13thMay_2023_CalendarsDatePicker.LearnVariousCalendars -->
