<?xml version="1.0" encoding="UTF-8"?>
<!-- Generated by org.testng.reporters.JUnitReportReporter -->
<testsuite hostname="SarthakThinkpad" failures="0" tests="5" name="com.automationcode_13thMay_2023_dateTimeStamp.LoginTest" time="24.145" errors="0" timestamp="2023-05-13T12:06:23 GMT-04:00" skipped="0">
  <testcase classname="com.automationcode_13thMay_2023_dateTimeStamp.LoginTest" name="verifyingLoginWithInvalidCredentials" time="4.337"/>
  <system-out/>
  <testcase classname="com.automationcode_13thMay_2023_dateTimeStamp.LoginTest" name="verifyingLoginWithInvalidCredentials" time="4.836"/>
  <system-out/>
  <testcase classname="com.automationcode_13thMay_2023_dateTimeStamp.LoginTest" name="verifyingLoginWithInvalidCredentials" time="4.812"/>
  <system-out/>
  <testcase classname="com.automationcode_13thMay_2023_dateTimeStamp.LoginTest" name="verifyingLoginWithInvalidCredentials" time="4.679"/>
  <system-out/>
  <testcase classname="com.automationcode_13thMay_2023_dateTimeStamp.LoginTest" name="verifyingLoginWithInvalidCredentials" time="5.481"/>
  <system-out/>
</testsuite> <!-- com.automationcode_13thMay_2023_dateTimeStamp.LoginTest -->
