<?xml version="1.0" encoding="UTF-8"?>
<!-- Generated by org.testng.reporters.JUnitReportReporter -->
<testsuite hostname="SarthakThinkpad" failures="0" tests="1" name="com.automationcode_ScreenRecoder.RediffScreenRecord_Code" time="19.302" errors="0" timestamp="2023-04-29T14:23:45 GMT-04:00" skipped="0">
  <testcase classname="com.automationcode_ScreenRecoder.RediffScreenRecord_Code" name="loginTest" time="19.302"/>
  <system-out/>
</testsuite> <!-- com.automationcode_ScreenRecoder.RediffScreenRecord_Code -->
