<?xml version="1.0" encoding="UTF-8"?>
<!-- Generated by org.testng.reporters.JUnitReportReporter -->
<testsuite hostname="SarthakThinkpad" failures="0" tests="1" name="automationcode_14thMay_2023_PracticeCalendars.MakeMyTrip" time="44.594" errors="0" timestamp="2023-05-14T11:56:04 GMT-04:00" skipped="0">
  <testcase classname="automationcode_14thMay_2023_PracticeCalendars.MakeMyTrip" name="addDepartureArrivalDate" time="44.594"/>
  <system-out/>
</testsuite> <!-- automationcode_14thMay_2023_PracticeCalendars.MakeMyTrip -->
