<?xml version="1.0" encoding="UTF-8"?>
<!-- Generated by org.testng.reporters.JUnitReportReporter -->
<testsuite hostname="SarthakThinkpad" failures="0" tests="1" name="automationcode_13thMay_2023_CalendarsDatePicker.LearnVariousCalendars" time="2.962" errors="0" timestamp="2023-05-13T14:04:18 GMT-04:00" skipped="0">
  <testcase classname="automationcode_13thMay_2023_CalendarsDatePicker.LearnVariousCalendars" name="part2" time="2.962"/>
  <system-out/>
</testsuite> <!-- automationcode_13thMay_2023_CalendarsDatePicker.LearnVariousCalendars -->
