<?xml version="1.0" encoding="UTF-8"?>
<!-- Generated by org.testng.reporters.JUnitReportReporter -->
<testsuite hostname="SarthakThinkpad" failures="0" tests="3" name="students_assignment.makeMyTrip" time="51.808" errors="0" timestamp="2023-05-14T10:13:25 GMT-04:00" skipped="0">
  <testcase classname="students_assignment.makeMyTrip" name="fromTo" time="10.297"/>
  <system-out/>
  <testcase classname="students_assignment.makeMyTrip" name="departureReturn" time="17.472"/>
  <system-out/>
  <testcase classname="students_assignment.makeMyTrip" name="travellersClass" time="24.039"/>
  <system-out/>
</testsuite> <!-- students_assignment.makeMyTrip -->
