<?xml version="1.0" encoding="UTF-8"?>
<!-- Generated by org.testng.reporters.JUnitReportReporter -->
<testsuite skipped="0" hostname="SarthakThinkpad" name="com.testngcode_9thApr_2003.TNLogin" tests="3" failures="0" timestamp="16 Apr 2023 17:23:10 GMT" time="33.219" errors="0">
  <testcase name="TNLoginChromeTest" time="12.292" classname="com.testngcode_9thApr_2003.TNLogin"/>
  <testcase name="TNLoginEdgeTest" time="9.803" classname="com.testngcode_9thApr_2003.TNLogin"/>
  <testcase name="TNLoginFirefoxTest" time="11.124" classname="com.testngcode_9thApr_2003.TNLogin"/>
</testsuite> <!-- com.testngcode_9thApr_2003.TNLogin -->
