<?xml version="1.0" encoding="UTF-8"?>
<!-- Generated by org.testng.reporters.JUnitReportReporter -->
<testsuite skipped="0" hostname="SarthakThinkpad" name="com.automationcode_25thMar_2023.Rediff_CssSelector" tests="3" failures="0" timestamp="16 Apr 2023 17:23:10 GMT" time="78.482" errors="0">
  <testcase name="clickOnSignInLink" time="7.789" classname="com.automationcode_25thMar_2023.Rediff_CssSelector"/>
  <testcase name="loginCredentials" time="15.847" classname="com.automationcode_25thMar_2023.Rediff_CssSelector"/>
  <testcase name="logOut" time="54.846" classname="com.automationcode_25thMar_2023.Rediff_CssSelector"/>
</testsuite> <!-- com.automationcode_25thMar_2023.Rediff_CssSelector -->
