<?xml version="1.0" encoding="UTF-8"?>
<!-- Generated by org.testng.reporters.JUnitReportReporter -->
<testsuite skipped="0" hostname="SarthakThinkpad" name="com.testngcode_8thApr_2023.TutorialsNinjaRegisterTest" tests="1" failures="0" timestamp="16 Apr 2023 17:23:10 GMT" time="10.759" errors="0">
  <testcase name="TNRegister" time="10.759" classname="com.testngcode_8thApr_2023.TutorialsNinjaRegisterTest"/>
</testsuite> <!-- com.testngcode_8thApr_2023.TutorialsNinjaRegisterTest -->
