<?xml version="1.0" encoding="UTF-8"?>
<!-- Generated by org.testng.reporters.JUnitReportReporter -->
<testsuite skipped="0" hostname="SarthakThinkpad" name="com.automationcode_15thApr_2023.TutorialsNinjaListenerRegisterTest" tests="1" failures="0" timestamp="16 Apr 2023 17:23:10 GMT" time="19.449" errors="0">
  <testcase name="registerPage" time="19.449" classname="com.automationcode_15thApr_2023.TutorialsNinjaListenerRegisterTest"/>
</testsuite> <!-- com.automationcode_15thApr_2023.TutorialsNinjaListenerRegisterTest -->
