<?xml version="1.0" encoding="UTF-8"?>
<!-- Generated by org.testng.reporters.JUnitReportReporter -->
<testsuite skipped="0" hostname="SarthakThinkpad" name="com.testngcode_8thApr_2023.TutorialsNinjaLoginTest" tests="1" failures="0" timestamp="16 Apr 2023 17:23:10 GMT" time="8.130" errors="0">
  <testcase name="TNLogin" time="8.130" classname="com.testngcode_8thApr_2023.TutorialsNinjaLoginTest"/>
</testsuite> <!-- com.testngcode_8thApr_2023.TutorialsNinjaLoginTest -->
