<?xml version="1.0" encoding="UTF-8"?>
<!-- Generated by org.testng.reporters.JUnitReportReporter -->
<testsuite skipped="0" hostname="SarthakThinkpad" name="com.automationcode_1st_Apr_2023.Actions_Mouse_hovering_rightclick_leftclick" tests="1" failures="0" timestamp="16 Apr 2023 17:23:10 GMT" time="6.867" errors="0">
  <testcase name="mouseActionsTest" time="6.867" classname="com.automationcode_1st_Apr_2023.Actions_Mouse_hovering_rightclick_leftclick"/>
</testsuite> <!-- com.automationcode_1st_Apr_2023.Actions_Mouse_hovering_rightclick_leftclick -->
