<?xml version="1.0" encoding="UTF-8"?>
<!-- Generated by org.testng.reporters.JUnitReportReporter -->
<testsuite skipped="0" hostname="SarthakThinkpad" name="com.automationcode_18thMar_2023.TN_Register" tests="1" failures="0" timestamp="16 Apr 2023 17:23:10 GMT" time="17.201" errors="0">
  <testcase name="registerPage" time="17.201" classname="com.automationcode_18thMar_2023.TN_Register"/>
</testsuite> <!-- com.automationcode_18thMar_2023.TN_Register -->
