<?xml version="1.0" encoding="UTF-8"?>
<!-- Generated by org.testng.reporters.JUnitReportReporter -->
<testsuite skipped="0" hostname="SarthakThinkpad" name="com.automationcode_1st_Apr_2023.Actions_Frame_DragDrop" tests="1" failures="0" timestamp="16 Apr 2023 17:23:10 GMT" time="2.485" errors="0">
  <testcase name="handlingFrames" time="2.485" classname="com.automationcode_1st_Apr_2023.Actions_Frame_DragDrop"/>
</testsuite> <!-- com.automationcode_1st_Apr_2023.Actions_Frame_DragDrop -->
