<?xml version="1.0" encoding="UTF-8"?>
<!-- Generated by org.testng.reporters.JUnitReportReporter -->
<testsuite skipped="0" hostname="SarthakThinkpad" name="com.testngcode_9thApr_2003.Demo2" tests="3" failures="0" timestamp="16 Apr 2023 17:23:10 GMT" time="0.006" errors="0">
  <testcase name="method2" time="0.006" classname="com.testngcode_9thApr_2003.Demo2"/>
  <testcase name="method222" time="0.000" classname="com.testngcode_9thApr_2003.Demo2"/>
  <testcase name="method22" time="0.000" classname="com.testngcode_9thApr_2003.Demo2"/>
</testsuite> <!-- com.testngcode_9thApr_2003.Demo2 -->
