<?xml version="1.0" encoding="UTF-8"?>
<!-- Generated by org.testng.reporters.JUnitReportReporter -->
<testsuite skipped="0" hostname="SarthakThinkpad" name="com.automationcode_5thMar_2023.RediffLogin" tests="1" failures="0" timestamp="16 Apr 2023 17:23:10 GMT" time="12.702" errors="0">
  <testcase name="rediffTest" time="12.702" classname="com.automationcode_5thMar_2023.RediffLogin"/>
</testsuite> <!-- com.automationcode_5thMar_2023.RediffLogin -->
