<?xml version="1.0" encoding="UTF-8"?>
<!-- Generated by org.testng.reporters.JUnitReportReporter -->
<testsuite skipped="0" hostname="SarthakThinkpad" name="com.testngcode_9thApr_2003.Demo1" tests="3" failures="0" timestamp="16 Apr 2023 17:23:10 GMT" time="0.001" errors="0">
  <testcase name="method11" time="0.001" classname="com.testngcode_9thApr_2003.Demo1"/>
  <testcase name="method111" time="0.000" classname="com.testngcode_9thApr_2003.Demo1"/>
  <testcase name="method1" time="0.000" classname="com.testngcode_9thApr_2003.Demo1"/>
</testsuite> <!-- com.testngcode_9thApr_2003.Demo1 -->
