<?xml version="1.0" encoding="UTF-8"?>
<!-- Generated by org.testng.reporters.JUnitReportReporter -->
<testsuite skipped="0" hostname="SarthakThinkpad" name="com.automationcode_25thMar_2023.Tn_CssSelector" tests="1" failures="0" timestamp="16 Apr 2023 17:23:10 GMT" time="7.771" errors="0">
  <testcase name="completeLogin" time="7.771" classname="com.automationcode_25thMar_2023.Tn_CssSelector"/>
</testsuite> <!-- com.automationcode_25thMar_2023.Tn_CssSelector -->
