<?xml version="1.0" encoding="UTF-8"?>
<!-- Generated by org.testng.reporters.JUnitReportReporter -->
<testsuite skipped="0" hostname="SarthakThinkpad" name="com.automationcode_ExtentReports_16thApr_2023.TNRegisterTest" tests="1" failures="0" timestamp="16 Apr 2023 17:23:10 GMT" time="17.291" errors="0">
  <testcase name="registerPage" time="17.291" classname="com.automationcode_ExtentReports_16thApr_2023.TNRegisterTest"/>
</testsuite> <!-- com.automationcode_ExtentReports_16thApr_2023.TNRegisterTest -->
