<?xml version="1.0" encoding="UTF-8"?>
<!-- Generated by org.testng.reporters.JUnitReportReporter -->
<testsuite skipped="0" hostname="SarthakThinkpad" name="com.automationcode_19thMar_2023.IntroductionToXpaths" tests="2" failures="0" timestamp="16 Apr 2023 17:23:10 GMT" time="15.638" errors="0">
  <testcase name="clickOnSignInLink" time="7.766" classname="com.automationcode_19thMar_2023.IntroductionToXpaths"/>
  <testcase name="enterLoginCredentials" time="7.872" classname="com.automationcode_19thMar_2023.IntroductionToXpaths"/>
</testsuite> <!-- com.automationcode_19thMar_2023.IntroductionToXpaths -->
